c:\users\mockba\documents\visual studio 2015\projects\gtalua\x64\release\gtalua\vc140.pdb
c:\users\mockba\documents\visual studio 2015\projects\gtalua\x64\release\gtalua\lb_file.obj
c:\users\mockba\documents\visual studio 2015\projects\gtalua\x64\release\gtalua\memory.obj
c:\users\mockba\documents\visual studio 2015\projects\gtalua\x64\release\gtalua\hooking.obj
c:\users\mockba\documents\visual studio 2015\projects\gtalua\x64\release\gtalua\gamememory.obj
c:\users\mockba\documents\visual studio 2015\projects\gtalua\x64\release\gtalua\main.obj
c:\users\mockba\documents\visual studio 2015\projects\gtalua\x64\release\gtalua\luamanager_general.obj
c:\users\mockba\documents\visual studio 2015\projects\gtalua\x64\release\gtalua\luamanager_debug.obj
c:\users\mockba\documents\visual studio 2015\projects\gtalua\x64\release\gtalua\luamanager.obj
c:\users\mockba\documents\visual studio 2015\projects\gtalua\x64\release\gtalua\generalfunctions.obj
c:\users\mockba\documents\visual studio 2015\projects\gtalua\x64\release\gtalua\gamehooks.obj
c:\users\mockba\documents\visual studio 2015\projects\gtalua\x64\release\gtalua\onvehiclecreated.obj
c:\users\mockba\documents\visual studio 2015\projects\gtalua\x64\release\gtalua\onpedcreated.obj
c:\users\mockba\documents\visual studio 2015\projects\gtalua\x64\release\gtalua\gameevents.obj
c:\users\mockba\documents\visual studio 2015\projects\gtalua\x64\release\gtalua\entity.obj
c:\users\mockba\documents\visual studio 2015\projects\gtalua\x64\release\gtalua\dllmain.obj
c:\users\mockba\documents\visual studio 2015\projects\gtalua\x64\release\gtalua\console.obj
c:\users\mockba\documents\visual studio 2015\projects\gtalua\x64\release\gtalua\nativesini.obj
c:\users\mockba\documents\visual studio 2015\projects\gtalua\x64\release\gtalua\nativecalllayoutsini.obj
c:\users\mockba\documents\visual studio 2015\projects\gtalua\x64\release\gtalua\gtaluaini.obj
c:\users\mockba\documents\visual studio 2015\projects\gtalua\x64\release\gtalua\api.obj
c:\users\mockba\documents\visual studio 2015\projects\gtalua\x64\release\gtalua\util.obj
c:\users\mockba\documents\visual studio 2015\projects\gtalua\x64\release\gtalua\mutex.obj
c:\users\mockba\documents\visual studio 2015\projects\gtalua\x64\release\gtalua\inifile.obj
c:\users\mockba\documents\visual studio 2015\projects\gtalua\x64\release\gtalua\scripthookv.obj
c:\users\mockba\documents\visual studio 2015\projects\gtalua\x64\release\gtalua\natives.obj
c:\users\mockba\documents\visual studio 2015\projects\gtalua\x64\release\gtalua\lb_natives.obj
c:\users\mockba\documents\visual studio 2015\projects\gtalua\x64\release\gtalua\lb_types.obj
c:\users\mockba\documents\visual studio 2015\projects\gtalua\x64\release\gtalua\lb_scriptthread.obj
c:\users\mockba\documents\visual studio 2015\projects\gtalua\x64\release\gtalua\lb_scripthookv.obj
c:\users\mockba\documents\visual studio 2015\projects\gtalua\x64\release\gtalua\lb_memory.obj
c:\users\mockba\documents\visual studio 2015\projects\gtalua\x64\release\gtalua\lb_mainscriptthread.obj
c:\users\mockba\documents\visual studio 2015\projects\gtalua\x64\release\gtalua\lb_generalfunctions.obj
c:\users\mockba\documents\visual studio 2015\projects\gtalua\x64\release\gtalua\ini.obj
c:\users\mockba\documents\visual studio 2015\projects\gtalua\x64\release\gtalua\trampoline.obj
c:\users\mockba\documents\visual studio 2015\projects\gtalua\x64\release\gtalua\hook.obj
c:\users\mockba\documents\visual studio 2015\projects\gtalua\x64\release\gtalua\hde64.obj
c:\users\mockba\documents\visual studio 2015\projects\gtalua\x64\release\gtalua\hde32.obj
c:\users\mockba\documents\visual studio 2015\projects\gtalua\x64\release\gtalua\buffer.obj
c:\users\mockba\documents\visual studio 2015\projects\gtalua\build\gtalua.lib
c:\users\mockba\documents\visual studio 2015\projects\gtalua\build\gtalua.exp
c:\users\mockba\documents\visual studio 2015\projects\gtalua\build\gtalua.asi
c:\users\mockba\documents\visual studio 2015\projects\gtalua\build\gtalua.ipdb
c:\users\mockba\documents\visual studio 2015\projects\gtalua\build\gtalua.iobj
c:\users\mockba\documents\visual studio 2015\projects\gtalua\build/gtalua.asi
c:\users\mockba\documents\visual studio 2015\projects\gtalua\x64\release\gtalua\gtalua.tlog\cl.command.1.tlog
c:\users\mockba\documents\visual studio 2015\projects\gtalua\x64\release\gtalua\gtalua.tlog\cl.read.1.tlog
c:\users\mockba\documents\visual studio 2015\projects\gtalua\x64\release\gtalua\gtalua.tlog\cl.write.1.tlog
c:\users\mockba\documents\visual studio 2015\projects\gtalua\x64\release\gtalua\gtalua.tlog\gtalua.write.1u.tlog
c:\users\mockba\documents\visual studio 2015\projects\gtalua\x64\release\gtalua\gtalua.tlog\link.command.1.tlog
c:\users\mockba\documents\visual studio 2015\projects\gtalua\x64\release\gtalua\gtalua.tlog\link.read.1.tlog
c:\users\mockba\documents\visual studio 2015\projects\gtalua\x64\release\gtalua\gtalua.tlog\link.write.1.tlog
